* Starting client
* Connecting to master process on port 5537
* Analyzing classpath: 
  - /Users/krisztian/repos/java/src/github.com/krisztianbenda/swsv_labs/Tutorial_Maven/target/classes
  - /Users/krisztian/.m2/repository/junit/junit/4.12/junit-4.12.jar
  - /Users/krisztian/.m2/repository/org/hamcrest/hamcrest-core/1.3/hamcrest-core-1.3.jar
* Finished analyzing classpath
* Generating tests for class tutorial.Stack
* Test criteria:
  - Line Coverage
  - Branch Coverage
  - Exception
  - Mutation testing (weak)
  - Method-Output Coverage
  - Top-Level Method Coverage
  - No-Exception Top-Level Method Coverage
  - Context Branch Coverage
* Setting up search algorithm for whole suite generation
[MASTER] 14:36:46.261 [pool-2-thread-1] WARN  TestSuiteSerialization - Cannot load tests because file does not exist: /Users/krisztian/repos/java/src/github.com/krisztianbenda/swsv_labs/Tutorial_Maven/.evosuite/evosuite-seeds/tutorial.Stack.seed
* Loaded 0 tests from /Users/krisztian/repos/java/src/github.com/krisztianbenda/swsv_labs/Tutorial_Maven/.evosuite/evosuite-seeds/tutorial.Stack.seed
* Total number of test goals: 
  - Line 12
  - Branch 7
  - Exception 0
  - MutationFactory 41
  - Output 4
  - Method 4
  - MethodNoException 4
  - CBranchFitnessFactory 7
* Using seed 1539866204731
* Starting evolution
* Search finished after 31s and 728 generations, 186212 statements, best individual has fitness: 1.8333333333333333
* Writing sequences to pool
* Minimizing test suite
* Going to analyze the coverage criteria
* Coverage analysis for criterion LINE
* Coverage of criterion LINE: 100%
* Total number of goals: 12
* Number of covered goals: 12
* Coverage analysis for criterion BRANCH
* Coverage of criterion BRANCH: 100%
* Total number of goals: 7
* Number of covered goals: 7
* Coverage analysis for criterion EXCEPTION
* Coverage of criterion EXCEPTION: 100%
* Total number of goals: 2
* Number of covered goals: 2
* Coverage analysis for criterion WEAKMUTATION
* Coverage of criterion WEAKMUTATION: 93%
* Total number of goals: 41
* Number of covered goals: 38
* Coverage analysis for criterion OUTPUT
* Coverage of criterion OUTPUT: 100%
* Total number of goals: 4
* Number of covered goals: 4
* Coverage analysis for criterion METHOD
* Coverage of criterion METHOD: 100%
* Total number of goals: 4
* Number of covered goals: 4
* Coverage analysis for criterion METHODNOEXCEPTION
* Coverage of criterion METHODNOEXCEPTION: 100%
* Total number of goals: 4
* Number of covered goals: 4
* Coverage analysis for criterion CBRANCH
* Coverage of criterion CBRANCH: 100%
* Total number of goals: 7
* Number of covered goals: 7
* Generated 6 tests with total length 30
* Resulting test suite's coverage: 99% (average coverage for all fitness functions)
* Generating assertions
* Resulting test suite's mutation score: 66%
* Compiling and checking tests
